<?xml version="1.0" encoding="UTF-8"?>
<testsuite name="com.bobs.mount.MountServiceTest" time="9.771" tests="39" errors="0" skipped="0" failures="0">
  <properties>
    <property name="java.runtime.name" value="OpenJDK Runtime Environment"/>
    <property name="sun.boot.library.path" value="/usr/lib/jvm/java-8-openjdk-amd64/jre/lib/amd64"/>
    <property name="java.vm.version" value="25.121-b13"/>
    <property name="java.vm.vendor" value="Oracle Corporation"/>
    <property name="maven.multiModuleProjectDirectory" value="/home/dokeeffe/code/github/auxremote/app"/>
    <property name="java.vendor.url" value="http://java.oracle.com/"/>
    <property name="path.separator" value=":"/>
    <property name="guice.disable.misplaced.annotation.check" value="true"/>
    <property name="java.vm.name" value="OpenJDK 64-Bit Server VM"/>
    <property name="file.encoding.pkg" value="sun.io"/>
    <property name="user.country" value="US"/>
    <property name="sun.java.launcher" value="SUN_STANDARD"/>
    <property name="sun.os.patch.level" value="unknown"/>
    <property name="java.vm.specification.name" value="Java Virtual Machine Specification"/>
    <property name="user.dir" value="/home/dokeeffe/code/github/auxremote/app"/>
    <property name="java.runtime.version" value="1.8.0_121-8u121-b13-0ubuntu1.16.04.2-b13"/>
    <property name="java.awt.graphicsenv" value="sun.awt.X11GraphicsEnvironment"/>
    <property name="java.endorsed.dirs" value="/usr/lib/jvm/java-8-openjdk-amd64/jre/lib/endorsed"/>
    <property name="os.arch" value="amd64"/>
    <property name="java.io.tmpdir" value="/tmp"/>
    <property name="line.separator" value="&#10;"/>
    <property name="java.vm.specification.vendor" value="Oracle Corporation"/>
    <property name="os.name" value="Linux"/>
    <property name="classworlds.conf" value="/usr/share/maven/bin/m2.conf"/>
    <property name="sun.jnu.encoding" value="UTF-8"/>
    <property name="java.library.path" value="/home/dokeeffe/idea-IC-162.2032.8/bin::/usr/java/packages/lib/amd64:/usr/lib/x86_64-linux-gnu/jni:/lib/x86_64-linux-gnu:/usr/lib/x86_64-linux-gnu:/usr/lib/jni:/lib:/usr/lib"/>
    <property name="java.specification.name" value="Java Platform API Specification"/>
    <property name="java.class.version" value="52.0"/>
    <property name="sun.management.compiler" value="HotSpot 64-Bit Tiered Compilers"/>
    <property name="os.version" value="4.4.0-62-generic"/>
    <property name="user.home" value="/home/dokeeffe"/>
    <property name="user.timezone" value="Europe/Dublin"/>
    <property name="java.awt.printerjob" value="sun.print.PSPrinterJob"/>
    <property name="file.encoding" value="UTF-8"/>
    <property name="java.specification.version" value="1.8"/>
    <property name="user.name" value="dokeeffe"/>
    <property name="java.class.path" value="/usr/share/maven/boot/plexus-classworlds-2.x.jar"/>
    <property name="java.vm.specification.version" value="1.8"/>
    <property name="sun.arch.data.model" value="64"/>
    <property name="java.home" value="/usr/lib/jvm/java-8-openjdk-amd64/jre"/>
    <property name="sun.java.command" value="org.codehaus.plexus.classworlds.launcher.Launcher clean install"/>
    <property name="java.specification.vendor" value="Oracle Corporation"/>
    <property name="user.language" value="en"/>
    <property name="awt.toolkit" value="sun.awt.X11.XToolkit"/>
    <property name="java.vm.info" value="mixed mode"/>
    <property name="java.version" value="1.8.0_121"/>
    <property name="java.ext.dirs" value="/usr/lib/jvm/java-8-openjdk-amd64/jre/lib/ext:/usr/java/packages/lib/ext"/>
    <property name="securerandom.source" value="file:/dev/./urandom"/>
    <property name="sun.boot.class.path" value="/usr/lib/jvm/java-8-openjdk-amd64/jre/lib/resources.jar:/usr/lib/jvm/java-8-openjdk-amd64/jre/lib/rt.jar:/usr/lib/jvm/java-8-openjdk-amd64/jre/lib/sunrsasign.jar:/usr/lib/jvm/java-8-openjdk-amd64/jre/lib/jsse.jar:/usr/lib/jvm/java-8-openjdk-amd64/jre/lib/jce.jar:/usr/lib/jvm/java-8-openjdk-amd64/jre/lib/charsets.jar:/usr/lib/jvm/java-8-openjdk-amd64/jre/lib/jfr.jar:/usr/lib/jvm/java-8-openjdk-amd64/jre/classes"/>
    <property name="java.vendor" value="Oracle Corporation"/>
    <property name="maven.home" value="/usr/share/maven"/>
    <property name="file.separator" value="/"/>
    <property name="java.vendor.url.bug" value="http://bugreport.sun.com/bugreport/"/>
    <property name="sun.cpu.endian" value="little"/>
    <property name="sun.io.unicode.encoding" value="UnicodeLittle"/>
    <property name="sun.cpu.isalist" value=""/>
  </properties>
  <testcase name="updateMount_changeSerialPort" classname="com.bobs.mount.MountServiceTest" time="0.004"/>
  <testcase name="slew_fastSlewSlowSlewCombo" classname="com.bobs.mount.MountServiceTest" time="2.011"/>
  <testcase name="moveAxis_east" classname="com.bobs.mount.MountServiceTest" time="0.004"/>
  <testcase name="moveAxis_west" classname="com.bobs.mount.MountServiceTest" time="0.003"/>
  <testcase name="updateMount_changePecMode" classname="com.bobs.mount.MountServiceTest" time="0.002"/>
  <testcase name="startTracking_off" classname="com.bobs.mount.MountServiceTest" time="0.012"/>
  <testcase name="startPecOperation_idle" classname="com.bobs.mount.MountServiceTest" time="0"/>
  <testcase name="startPecOperation_play" classname="com.bobs.mount.MountServiceTest" time="0"/>
  <testcase name="queryMountState_when_mountSlewing_then_noQueriesMade" classname="com.bobs.mount.MountServiceTest" time="0"/>
  <testcase name="slew_crashInvestigation" classname="com.bobs.mount.MountServiceTest" time="2.017"/>
  <testcase name="park" classname="com.bobs.mount.MountServiceTest" time="3.652"/>
  <testcase name="sync" classname="com.bobs.mount.MountServiceTest" time="0.044"/>
  <testcase name="guide_east" classname="com.bobs.mount.MountServiceTest" time="0.017"/>
  <testcase name="guide_west" classname="com.bobs.mount.MountServiceTest" time="0.024"/>
  <testcase name="updateMount_changeSlewLimitAlt" classname="com.bobs.mount.MountServiceTest" time="0"/>
  <testcase name="unpark_then_guideRateSetPositionAndGpsQueried" classname="com.bobs.mount.MountServiceTest" time="0.018"/>
  <testcase name="startPecOperation_rec" classname="com.bobs.mount.MountServiceTest" time="0"/>
  <testcase name="moveAxis_withRate0" classname="com.bobs.mount.MountServiceTest" time="0.001"/>
  <testcase name="moveAxis_withRate1" classname="com.bobs.mount.MountServiceTest" time="0"/>
  <testcase name="moveAxis_withRate2" classname="com.bobs.mount.MountServiceTest" time="0"/>
  <testcase name="moveAxis_withRate3" classname="com.bobs.mount.MountServiceTest" time="0"/>
  <testcase name="slew_slowSlewOnly" classname="com.bobs.mount.MountServiceTest" time="0.904"/>
  <testcase name="getMount_notConnected_throwsException" classname="com.bobs.mount.MountServiceTest" time="0"/>
  <testcase name="updateMount_changeSlewLimitAz" classname="com.bobs.mount.MountServiceTest" time="0"/>
  <testcase name="updateMount_changeGuideRate" classname="com.bobs.mount.MountServiceTest" time="0"/>
  <testcase name="updateMount_setLocation" classname="com.bobs.mount.MountServiceTest" time="0"/>
  <testcase name="connect" classname="com.bobs.mount.MountServiceTest" time="0"/>
  <testcase name="startPecOperation_index" classname="com.bobs.mount.MountServiceTest" time="0.023"/>
  <testcase name="startTracking" classname="com.bobs.mount.MountServiceTest" time="0"/>
  <testcase name="slew_notAligned_throwsException" classname="com.bobs.mount.MountServiceTest" time="0"/>
  <testcase name="queryMountState_when_gpsInfoUptoDate_then_onlyPositionIsQueried" classname="com.bobs.mount.MountServiceTest" time="0.001"/>
  <testcase name="queryMountState_when_gpsInfoStale_then_gpsAndPositionIsQueried" classname="com.bobs.mount.MountServiceTest" time="0.008"/>
  <testcase name="park_when_targetBelowHorizion_then_slewLimitPreventsDamage" classname="com.bobs.mount.MountServiceTest" time="1.002"/>
  <testcase name="moveAxis_abort" classname="com.bobs.mount.MountServiceTest" time="0"/>
  <testcase name="moveAxis_north" classname="com.bobs.mount.MountServiceTest" time="0.003"/>
  <testcase name="moveAxis_south" classname="com.bobs.mount.MountServiceTest" time="0"/>
  <testcase name="getMount" classname="com.bobs.mount.MountServiceTest" time="0"/>
  <testcase name="guide_north" classname="com.bobs.mount.MountServiceTest" time="0.01"/>
  <testcase name="guide_south" classname="com.bobs.mount.MountServiceTest" time="0.011"/>
</testsuite>